{"C:\\Users\\DELL 5400\\github-actions-cicd-pipeline\\app\\index.js": {"path":"C:\\Users\\DELL 5400\\github-actions-cicd-pipeline\\app\\index.js","statementMap":{"0":{"start":{"line":4,"column":0},"end":{"line":4,"column":27}},"1":{"start":{"line":5,"column":16},"end":{"line":5,"column":34}},"2":{"start":{"line":6,"column":15},"end":{"line":6,"column":32}},"3":{"start":{"line":7,"column":15},"end":{"line":7,"column":32}},"4":{"start":{"line":9,"column":12},"end":{"line":9,"column":21}},"5":{"start":{"line":10,"column":13},"end":{"line":10,"column":37}},"6":{"start":{"line":13,"column":0},"end":{"line":13,"column":18}},"7":{"start":{"line":14,"column":0},"end":{"line":14,"column":28}},"8":{"start":{"line":15,"column":0},"end":{"line":15,"column":24}},"9":{"start":{"line":16,"column":0},"end":{"line":16,"column":48}},"10":{"start":{"line":19,"column":0},"end":{"line":27,"column":3}},"11":{"start":{"line":20,"column":2},"end":{"line":26,"column":5}},"12":{"start":{"line":30,"column":0},"end":{"line":41,"column":3}},"13":{"start":{"line":31,"column":2},"end":{"line":40,"column":5}},"14":{"start":{"line":44,"column":0},"end":{"line":51,"column":3}},"15":{"start":{"line":45,"column":2},"end":{"line":50,"column":5}},"16":{"start":{"line":54,"column":0},"end":{"line":59,"column":3}},"17":{"start":{"line":55,"column":2},"end":{"line":58,"column":5}},"18":{"start":{"line":62,"column":0},"end":{"line":68,"column":3}},"19":{"start":{"line":63,"column":2},"end":{"line":63,"column":27}},"20":{"start":{"line":64,"column":2},"end":{"line":67,"column":5}},"21":{"start":{"line":71,"column":0},"end":{"line":75,"column":3}},"22":{"start":{"line":72,"column":2},"end":{"line":72,"column":51}},"23":{"start":{"line":73,"column":2},"end":{"line":73,"column":69}},"24":{"start":{"line":74,"column":2},"end":{"line":74,"column":74}},"25":{"start":{"line":77,"column":0},"end":{"line":77,"column":21}}},"fnMap":{"0":{"name":"(anonymous_0)","decl":{"start":{"line":19,"column":19},"end":{"line":19,"column":20}},"loc":{"start":{"line":19,"column":33},"end":{"line":27,"column":1}},"line":19},"1":{"name":"(anonymous_1)","decl":{"start":{"line":30,"column":13},"end":{"line":30,"column":14}},"loc":{"start":{"line":30,"column":27},"end":{"line":41,"column":1}},"line":30},"2":{"name":"(anonymous_2)","decl":{"start":{"line":44,"column":26},"end":{"line":44,"column":27}},"loc":{"start":{"line":44,"column":40},"end":{"line":51,"column":1}},"line":44},"3":{"name":"(anonymous_3)","decl":{"start":{"line":54,"column":8},"end":{"line":54,"column":9}},"loc":{"start":{"line":54,"column":22},"end":{"line":59,"column":1}},"line":54},"4":{"name":"(anonymous_4)","decl":{"start":{"line":62,"column":8},"end":{"line":62,"column":9}},"loc":{"start":{"line":62,"column":33},"end":{"line":68,"column":1}},"line":62},"5":{"name":"(anonymous_5)","decl":{"start":{"line":71,"column":17},"end":{"line":71,"column":18}},"loc":{"start":{"line":71,"column":23},"end":{"line":75,"column":1}},"line":71}},"branchMap":{"0":{"loc":{"start":{"line":10,"column":13},"end":{"line":10,"column":37}},"type":"binary-expr","locations":[{"start":{"line":10,"column":13},"end":{"line":10,"column":29}},{"start":{"line":10,"column":33},"end":{"line":10,"column":37}}],"line":10},"1":{"loc":{"start":{"line":23,"column":13},"end":{"line":23,"column":47}},"type":"binary-expr","locations":[{"start":{"line":23,"column":13},"end":{"line":23,"column":36}},{"start":{"line":23,"column":40},"end":{"line":23,"column":47}}],"line":23},"2":{"loc":{"start":{"line":25,"column":17},"end":{"line":25,"column":54}},"type":"binary-expr","locations":[{"start":{"line":25,"column":17},"end":{"line":25,"column":37}},{"start":{"line":25,"column":41},"end":{"line":25,"column":54}}],"line":25},"3":{"loc":{"start":{"line":74,"column":33},"end":{"line":74,"column":70}},"type":"binary-expr","locations":[{"start":{"line":74,"column":33},"end":{"line":74,"column":53}},{"start":{"line":74,"column":57},"end":{"line":74,"column":70}}],"line":74}},"s":{"0":1,"1":1,"2":1,"3":1,"4":1,"5":1,"6":1,"7":1,"8":1,"9":1,"10":1,"11":0,"12":1,"13":1,"14":1,"15":0,"16":1,"17":0,"18":1,"19":0,"20":0,"21":1,"22":1,"23":1,"24":1,"25":1},"f":{"0":0,"1":1,"2":0,"3":0,"4":0,"5":1},"b":{"0":[1,1],"1":[0,0],"2":[0,0],"3":[1,0]},"_coverageSchema":"1a1c01bbd47fc00a2c39e90264f33305004495a9","hash":"ea2ec53ad0b54a020d35083cc61fecd2991e53d5"}
}
