TN:
SF:index.js
FN:19,(anonymous_0)
FN:30,(anonymous_1)
FN:44,(anonymous_2)
FN:54,(anonymous_3)
FN:62,(anonymous_4)
FN:71,(anonymous_5)
FNF:6
FNH:2
FNDA:0,(anonymous_0)
FNDA:1,(anonymous_1)
FNDA:0,(anonymous_2)
FNDA:0,(anonymous_3)
FNDA:0,(anonymous_4)
FNDA:1,(anonymous_5)
DA:4,1
DA:5,1
DA:6,1
DA:7,1
DA:9,1
DA:10,1
DA:13,1
DA:14,1
DA:15,1
DA:16,1
DA:19,1
DA:20,0
DA:30,1
DA:31,1
DA:44,1
DA:45,0
DA:54,1
DA:55,0
DA:62,1
DA:63,0
DA:64,0
DA:71,1
DA:72,1
DA:73,1
DA:74,1
DA:77,1
LF:26
LH:21
BRDA:10,0,0,1
BRDA:10,0,1,1
BRDA:23,1,0,0
BRDA:23,1,1,0
BRDA:25,2,0,0
BRDA:25,2,1,0
BRDA:74,3,0,1
BRDA:74,3,1,0
BRF:8
BRH:3
end_of_record
